<?xml version="1.0" encoding="utf-8"?><testsuites name="pytest tests"><testsuite name="pytest" errors="0" failures="0" skipped="0" tests="6" time="3.075" timestamp="2026-07-30T01:34:47.144070+00:00" hostname="agent-env-37ab26ae-439d-4d70-9212-2eb649335764"><testcase classname="tests.test_patch_sample_name.TestPatchSampleName" name="test_patch_simple_rename" time="2.041" /><testcase classname="tests.test_patch_sample_name.TestPatchSampleName" name="test_patch_empty_string_clears" time="0.116" /><testcase classname="tests.test_patch_sample_name.TestPatchSampleName" name="test_patch_unicode" time="0.133" /><testcase classname="tests.test_patch_sample_name.TestPatchSampleName" name="test_patch_long_string" time="0.054" /><testcase classname="tests.test_patch_sample_name.TestPatchSampleName" name="test_search_matches_new_name" time="0.100" /><testcase classname="tests.test_patch_sample_name.TestPatchSampleName" name="test_patch_404_unknown" time="0.100" /></testsuite></testsuites>