<?xml version="1.0" encoding="utf-8"?><testsuites name="pytest tests"><testsuite name="pytest" errors="0" failures="0" skipped="0" tests="19" time="3.765" timestamp="2026-07-30T01:34:54.268259+00:00" hostname="agent-env-37ab26ae-439d-4d70-9212-2eb649335764"><testcase classname="tests.test_backend_api.TestAnalyzeAndCRUD" name="test_analyze_invalid_data_url" time="0.185" /><testcase classname="tests.test_backend_api.TestAnalyzeAndCRUD" name="test_analyze_success" time="1.955" /><testcase classname="tests.test_patch_sample_name.TestPatchSampleName" name="test_patch_simple_rename" time="1.923" /><testcase classname="tests.test_patch_sample_name.TestPatchSampleName" name="test_patch_empty_string_clears" time="0.124" /><testcase classname="tests.test_patch_sample_name.TestPatchSampleName" name="test_patch_unicode" time="0.111" /><testcase classname="tests.test_backend_api.TestAnalyzeAndCRUD" name="test_list_default_excludes_image" time="0.060" /><testcase classname="tests.test_patch_sample_name.TestPatchSampleName" name="test_patch_long_string" time="0.053" /><testcase classname="tests.test_backend_api.TestAnalyzeAndCRUD" name="test_list_with_include_image" time="0.396" /><testcase classname="tests.test_patch_sample_name.TestPatchSampleName" name="test_search_matches_new_name" time="0.160" /><testcase classname="tests.test_patch_sample_name.TestPatchSampleName" name="test_patch_404_unknown" time="0.103" /><testcase classname="tests.test_backend_api.TestRoot" name="test_root_welcome" time="0.049" /><testcase classname="tests.test_backend_api.TestAstmReference" name="test_reference_has_12" time="0.052" /><testcase classname="tests.test_backend_api.TestAnalyzeAndCRUD" name="test_list_filters_rating_and_search" time="0.163" /><testcase classname="tests.test_backend_api.TestAnalyzeAndCRUD" name="test_list_date_range" time="0.053" /><testcase classname="tests.test_backend_api.TestAnalyzeAndCRUD" name="test_get_single_includes_image" time="0.055" /><testcase classname="tests.test_backend_api.TestAnalyzeAndCRUD" name="test_patch_updates" time="0.116" /><testcase classname="tests.test_backend_api.TestAnalyzeAndCRUD" name="test_export_pdf" time="0.074" /><testcase classname="tests.test_backend_api.TestAnalyzeAndCRUD" name="test_export_csv" time="0.054" /><testcase classname="tests.test_backend_api.TestAnalyzeAndCRUD" name="test_delete_and_404" time="0.108" /></testsuite></testsuites>