<?xml version="1.0" encoding="utf-8"?><testsuites name="pytest tests"><testsuite name="pytest" errors="0" failures="0" skipped="0" tests="13" time="4.361" timestamp="2026-07-30T00:31:58.292480+00:00" hostname="agent-env-37ab26ae-439d-4d70-9212-2eb649335764"><testcase classname="tests.test_backend_api.TestRoot" name="test_root_welcome" time="0.326" /><testcase classname="tests.test_backend_api.TestAnalyzeAndCRUD" name="test_analyze_invalid_data_url" time="0.315" /><testcase classname="tests.test_backend_api.TestAstmReference" name="test_reference_has_12" time="0.056" /><testcase classname="tests.test_backend_api.TestAnalyzeAndCRUD" name="test_analyze_success" time="2.334" /><testcase classname="tests.test_backend_api.TestAnalyzeAndCRUD" name="test_list_default_excludes_image" time="0.047" /><testcase classname="tests.test_backend_api.TestAnalyzeAndCRUD" name="test_list_with_include_image" time="0.313" /><testcase classname="tests.test_backend_api.TestAnalyzeAndCRUD" name="test_list_filters_rating_and_search" time="0.141" /><testcase classname="tests.test_backend_api.TestAnalyzeAndCRUD" name="test_list_date_range" time="0.047" /><testcase classname="tests.test_backend_api.TestAnalyzeAndCRUD" name="test_get_single_includes_image" time="0.051" /><testcase classname="tests.test_backend_api.TestAnalyzeAndCRUD" name="test_patch_updates" time="0.104" /><testcase classname="tests.test_backend_api.TestAnalyzeAndCRUD" name="test_export_pdf" time="0.069" /><testcase classname="tests.test_backend_api.TestAnalyzeAndCRUD" name="test_export_csv" time="0.049" /><testcase classname="tests.test_backend_api.TestAnalyzeAndCRUD" name="test_delete_and_404" time="0.100" /></testsuite></testsuites>